<?xml version="1.0" encoding="UTF-8"?>
<coverage generated="1761626076295" clover="3.2.0">
  <project timestamp="1761626076295" name="All files">
    <metrics statements="6" coveredstatements="6" conditionals="0" coveredconditionals="0" methods="3" coveredmethods="3" elements="9" coveredelements="9" complexity="0" loc="6" ncloc="6" packages="3" files="5" classes="5"/>
    <package name="components.IncidentSkeleton">
      <metrics statements="2" coveredstatements="2" conditionals="0" coveredconditionals="0" methods="1" coveredmethods="1"/>
      <file name="IncidentSkeleton.tsx" path="C:\Developer\react\lightning-commander-ui\src\components\IncidentSkeleton\IncidentSkeleton.tsx">
        <metrics statements="2" coveredstatements="2" conditionals="0" coveredconditionals="0" methods="1" coveredmethods="1"/>
        <line num="3" count="1" type="stmt"/>
        <line num="4" count="176" type="stmt"/>
      </file>
      <file name="index.ts" path="C:\Developer\react\lightning-commander-ui\src\components\IncidentSkeleton\index.ts">
        <metrics statements="0" coveredstatements="0" conditionals="0" coveredconditionals="0" methods="0" coveredmethods="0"/>
      </file>
    </package>
    <package name="components.Pane">
      <metrics statements="2" coveredstatements="2" conditionals="0" coveredconditionals="0" methods="1" coveredmethods="1"/>
      <file name="Pane.tsx" path="C:\Developer\react\lightning-commander-ui\src\components\Pane\Pane.tsx">
        <metrics statements="2" coveredstatements="2" conditionals="0" coveredconditionals="0" methods="1" coveredmethods="1"/>
        <line num="8" count="1" type="stmt"/>
        <line num="12" count="88" type="stmt"/>
      </file>
      <file name="index.ts" path="C:\Developer\react\lightning-commander-ui\src\components\Pane\index.ts">
        <metrics statements="0" coveredstatements="0" conditionals="0" coveredconditionals="0" methods="0" coveredmethods="0"/>
      </file>
    </package>
    <package name="pages.IncidentsPage">
      <metrics statements="2" coveredstatements="2" conditionals="0" coveredconditionals="0" methods="1" coveredmethods="1"/>
      <file name="IncidentsPage.tsx" path="C:\Developer\react\lightning-commander-ui\src\pages\IncidentsPage\IncidentsPage.tsx">
        <metrics statements="2" coveredstatements="2" conditionals="0" coveredconditionals="0" methods="1" coveredmethods="1"/>
        <line num="5" count="1" type="stmt"/>
        <line num="6" count="44" type="stmt"/>
      </file>
    </package>
  </project>
</coverage>
