{"C:\\Developer\\react\\lightning-commander-ui\\src\\components\\Sidebar\\Sidebar.tsx": {"path":"C:\\Developer\\react\\lightning-commander-ui\\src\\components\\Sidebar\\Sidebar.tsx","statementMap":{"0":{"start":{"line":9,"column":5},"end":{"line":26,"column":null}},"1":{"start":{"line":10,"column":2},"end":{"line":24,"column":null}},"2":{"start":{"line":16,"column":25},"end":{"line":16,"column":null}},"3":{"start":{"line":21,"column":25},"end":{"line":21,"column":null}}},"fnMap":{"0":{"name":"(anonymous_0)","decl":{"start":{"line":9,"column":5},"end":{"line":9,"column":6}},"loc":{"start":{"line":9,"column":37},"end":{"line":26,"column":null}},"line":9},"1":{"name":"(anonymous_1)","decl":{"start":{"line":16,"column":19},"end":{"line":16,"column":25}},"loc":{"start":{"line":16,"column":25},"end":{"line":16,"column":null}},"line":16},"2":{"name":"(anonymous_2)","decl":{"start":{"line":21,"column":19},"end":{"line":21,"column":25}},"loc":{"start":{"line":21,"column":25},"end":{"line":21,"column":null}},"line":21}},"branchMap":{},"s":{"0":1,"1":43,"2":6,"3":8},"f":{"0":43,"1":6,"2":8},"b":{},"meta":{"lastBranch":0,"lastFunction":3,"lastStatement":4,"seen":{"s:9:5:26:Infinity":0,"f:9:5:9:6":0,"s:10:2:24:Infinity":1,"f:16:19:16:25":1,"s:16:25:16:Infinity":2,"f:21:19:21:25":2,"s:21:25:21:Infinity":3}}}
,"C:\\Developer\\react\\lightning-commander-ui\\src\\components\\Sidebar\\NavItem\\NavItem.tsx": {"path":"C:\\Developer\\react\\lightning-commander-ui\\src\\components\\Sidebar\\NavItem\\NavItem.tsx","statementMap":{"0":{"start":{"line":9,"column":47},"end":{"line":21,"column":null}},"1":{"start":{"line":10,"column":2},"end":{"line":21,"column":null}}},"fnMap":{"0":{"name":"(anonymous_0)","decl":{"start":{"line":9,"column":47},"end":{"line":9,"column":48}},"loc":{"start":{"line":10,"column":2},"end":{"line":21,"column":null}},"line":10}},"branchMap":{"0":{"loc":{"start":{"line":14,"column":6},"end":{"line":16,"column":null}},"type":"cond-expr","locations":[{"start":{"line":15,"column":10},"end":{"line":15,"column":null}},{"start":{"line":16,"column":10},"end":{"line":16,"column":null}}],"line":14}},"s":{"0":1,"1":86},"f":{"0":86},"b":{"0":[43,43]},"meta":{"lastBranch":1,"lastFunction":1,"lastStatement":2,"seen":{"s:9:47:21:Infinity":0,"f:9:47:9:48":0,"s:10:2:21:Infinity":1,"b:15:10:15:Infinity:16:10:16:Infinity":0}}}
,"C:\\Developer\\react\\lightning-commander-ui\\src\\components\\Sidebar\\NavItem\\index.ts": {"path":"C:\\Developer\\react\\lightning-commander-ui\\src\\components\\Sidebar\\NavItem\\index.ts","statementMap":{},"fnMap":{},"branchMap":{},"s":{},"f":{},"b":{},"meta":{"lastBranch":0,"lastFunction":0,"lastStatement":0,"seen":{}}}
}
