{"C:\\Developer\\react\\lightning-commander-ui\\src\\components\\IncidentSkeleton\\IncidentSkeleton.tsx": {"path":"C:\\Developer\\react\\lightning-commander-ui\\src\\components\\IncidentSkeleton\\IncidentSkeleton.tsx","statementMap":{"0":{"start":{"line":3,"column":35},"end":{"line":10,"column":null}},"1":{"start":{"line":4,"column":2},"end":{"line":8,"column":null}}},"fnMap":{"0":{"name":"(anonymous_0)","decl":{"start":{"line":3,"column":35},"end":{"line":3,"column":41}},"loc":{"start":{"line":3,"column":41},"end":{"line":10,"column":null}},"line":3}},"branchMap":{},"s":{"0":1,"1":176},"f":{"0":176},"b":{},"meta":{"lastBranch":0,"lastFunction":1,"lastStatement":2,"seen":{"s:3:35:10:Infinity":0,"f:3:35:3:41":0,"s:4:2:8:Infinity":1}}}
,"C:\\Developer\\react\\lightning-commander-ui\\src\\components\\IncidentSkeleton\\index.ts": {"path":"C:\\Developer\\react\\lightning-commander-ui\\src\\components\\IncidentSkeleton\\index.ts","statementMap":{},"fnMap":{},"branchMap":{},"s":{},"f":{},"b":{},"meta":{"lastBranch":0,"lastFunction":0,"lastStatement":0,"seen":{}}}
,"C:\\Developer\\react\\lightning-commander-ui\\src\\components\\Pane\\Pane.tsx": {"path":"C:\\Developer\\react\\lightning-commander-ui\\src\\components\\Pane\\Pane.tsx","statementMap":{"0":{"start":{"line":8,"column":41},"end":{"line":20,"column":null}},"1":{"start":{"line":12,"column":2},"end":{"line":18,"column":null}}},"fnMap":{"0":{"name":"(anonymous_0)","decl":{"start":{"line":8,"column":41},"end":{"line":8,"column":42}},"loc":{"start":{"line":11,"column":6},"end":{"line":20,"column":null}},"line":11}},"branchMap":{},"s":{"0":1,"1":88},"f":{"0":88},"b":{},"meta":{"lastBranch":0,"lastFunction":1,"lastStatement":2,"seen":{"s:8:41:20:Infinity":0,"f:8:41:8:42":0,"s:12:2:18:Infinity":1}}}
,"C:\\Developer\\react\\lightning-commander-ui\\src\\components\\Pane\\index.ts": {"path":"C:\\Developer\\react\\lightning-commander-ui\\src\\components\\Pane\\index.ts","statementMap":{},"fnMap":{},"branchMap":{},"s":{},"f":{},"b":{},"meta":{"lastBranch":0,"lastFunction":0,"lastStatement":0,"seen":{}}}
,"C:\\Developer\\react\\lightning-commander-ui\\src\\pages\\IncidentsPage\\IncidentsPage.tsx": {"path":"C:\\Developer\\react\\lightning-commander-ui\\src\\pages\\IncidentsPage\\IncidentsPage.tsx","statementMap":{"0":{"start":{"line":5,"column":32},"end":{"line":25,"column":null}},"1":{"start":{"line":6,"column":2},"end":{"line":23,"column":null}}},"fnMap":{"0":{"name":"(anonymous_0)","decl":{"start":{"line":5,"column":32},"end":{"line":5,"column":38}},"loc":{"start":{"line":5,"column":38},"end":{"line":25,"column":null}},"line":5}},"branchMap":{},"s":{"0":1,"1":44},"f":{"0":44},"b":{},"meta":{"lastBranch":0,"lastFunction":1,"lastStatement":2,"seen":{"s:5:32:25:Infinity":0,"f:5:32:5:38":0,"s:6:2:23:Infinity":1}}}
}
